This file contains any messages produced by compilers while
running configure, to aid debugging if configure makes a mistake.

It was created by configure, which was
generated by GNU Autoconf 2.69.  Invocation command line was

  $ ./configure 

## --------- ##
## Platform. ##
## --------- ##

hostname = borja-PROX14-AMD
uname -m = x86_64
uname -r = 5.11.0-46-generic
uname -s = Linux
uname -v = #51~20.04.1-Ubuntu SMP Fri Jan 7 06:51:40 UTC 2022

/usr/bin/uname -p = x86_64
/bin/uname -X     = unknown

/bin/arch              = x86_64
/usr/bin/arch -k       = unknown
/usr/convex/getsysinfo = unknown
/usr/bin/hostinfo      = unknown
/bin/machine           = unknown
/usr/bin/oslevel       = unknown
/bin/universe          = unknown

PATH: /home/borja/.cargo/bin
PATH: /home/borja/.local/bin
PATH: /usr/local/sbin
PATH: /usr/local/bin
PATH: /usr/sbin
PATH: /usr/bin
PATH: /sbin
PATH: /bin
PATH: /usr/games
PATH: /usr/local/games
PATH: /snap/bin
PATH: /home/borja/.dotnet/tools


## ----------- ##
## Core tests. ##
## ----------- ##

configure:2519: checking build system type
configure:2533: result: x86_64-pc-linux-gnu
configure:2553: checking host system type
configure:2566: result: x86_64-pc-linux-gnu
configure:2637: checking for gcc
configure:2664: result: /usr/bin/clang-10
configure:2893: checking for C compiler version
configure:2902: /usr/bin/clang-10 --version >&5
clang version 10.0.0-4ubuntu1 
Target: x86_64-pc-linux-gnu
Thread model: posix
InstalledDir: /usr/bin
configure:2913: $? = 0
configure:2902: /usr/bin/clang-10 -v >&5
clang version 10.0.0-4ubuntu1 
Target: x86_64-pc-linux-gnu
Thread model: posix
InstalledDir: /usr/bin
Found candidate GCC installation: /usr/bin/../lib/gcc/x86_64-linux-gnu/8
Found candidate GCC installation: /usr/bin/../lib/gcc/x86_64-linux-gnu/9
Found candidate GCC installation: /usr/lib/gcc/x86_64-linux-gnu/8
Found candidate GCC installation: /usr/lib/gcc/x86_64-linux-gnu/9
Selected GCC installation: /usr/bin/../lib/gcc/x86_64-linux-gnu/9
Candidate multilib: .;@m64
... rest of stderr output deleted ...
configure:2913: $? = 0
configure:2902: /usr/bin/clang-10 -V >&5
clang: error: argument to '-V' is missing (expected 1 value)
clang: error: no input files
configure:2913: $? = 1
configure:2902: /usr/bin/clang-10 -qversion >&5
clang: error: unknown argument '-qversion'; did you mean '--version'?
clang: error: no input files
configure:2913: $? = 1
configure:2933: checking whether the C compiler works
configure:2955: /usr/bin/clang-10    conftest.c  >&5
configure:2959: $? = 0
configure:3007: result: yes
configure:3010: checking for C compiler default output file name
configure:3012: result: a.out
configure:3018: checking for suffix of executables
configure:3025: /usr/bin/clang-10 -o conftest    conftest.c  >&5
configure:3029: $? = 0
configure:3051: result: 
configure:3073: checking whether we are cross compiling
configure:3081: /usr/bin/clang-10 -o conftest    conftest.c  >&5
configure:3085: $? = 0
configure:3092: ./conftest
configure:3096: $? = 0
configure:3084: result: no
configure:3089: checking for suffix of object files
configure:3111: /usr/bin/clang-10 -c   conftest.c >&5
configure:3115: $? = 0
configure:3136: result: o
configure:3140: checking whether we are using the GNU C compiler
configure:3159: /usr/bin/clang-10 -c   conftest.c >&5
configure:3159: $? = 0
configure:3168: result: yes
configure:3177: checking whether /usr/bin/clang-10 accepts -g
configure:3197: /usr/bin/clang-10 -c -g  conftest.c >&5
configure:3197: $? = 0
configure:3238: result: yes
configure:3255: checking for /usr/bin/clang-10 option to accept ISO C89
configure:3318: /usr/bin/clang-10  -c -g -O2  conftest.c >&5
configure:3318: $? = 0
configure:3331: result: none needed
configure:3356: checking whether /usr/bin/clang-10 understands -c and -o together
configure:3378: /usr/bin/clang-10 -c conftest.c -o conftest2.o
configure:3381: $? = 0
configure:3378: /usr/bin/clang-10 -c conftest.c -o conftest2.o
configure:3381: $? = 0
configure:3393: result: yes
configure:3410: checking for a sed that does not truncate output
configure:3474: result: /usr/bin/sed
configure:3492: checking for grep that handles long lines and -e
configure:3550: result: /usr/bin/grep
configure:3555: checking for egrep
configure:3617: result: /usr/bin/grep -E
configure:3622: checking for fgrep
configure:3684: result: /usr/bin/grep -F
configure:3719: checking for ld used by /usr/bin/clang-10
configure:3786: result: /usr/bin/ld
configure:3793: checking if the linker (/usr/bin/ld) is GNU ld
configure:3808: result: yes
configure:3820: checking for BSD- or MS-compatible name lister (nm)
configure:3869: result: /usr/bin/nm -B
configure:3987: checking the name lister (/usr/bin/nm -B) interface
configure:4025: /usr/bin/clang-10 -c -g -O2  conftest.c >&5
configure:4028: /usr/bin/nm -B "conftest.o"
configure:4031: output
0000000000000000 B some_variable
configure:4001: result: BSD nm
configure:4004: checking whether ln -s works
configure:4008: result: yes
configure:4016: checking the maximum length of command line arguments
configure:4142: result: 1572864
configure:4159: checking whether the shell understands some XSI constructs
configure:4168: result: yes
configure:4172: checking whether the shell understands "+="
configure:4176: result: yes
configure:4211: checking for /usr/bin/ld option to reload object files
configure:4218: result: -r
configure:4287: checking for objdump
configure:4303: found /usr/bin/objdump
configure:4314: result: objdump
configure:4343: checking how to recognize dependent libraries
configure:4544: result: pass_all
configure:4604: checking for ar
configure:4620: found /usr/bin/ar
configure:4631: result: ar
configure:4709: checking for strip
configure:4725: found /usr/bin/strip
configure:4736: result: strip
configure:4808: checking for ranlib
configure:4824: found /usr/bin/ranlib
configure:4835: result: ranlib
configure:4925: checking command to parse /usr/bin/nm -B output from /usr/bin/clang-10 object
configure:5043: /usr/bin/clang-10 -c -g -O2  conftest.c >&5
configure:5046: $? = 0
configure:5050: /usr/bin/nm -B conftest.o \| sed -n -e 's/^.*[	 ]\([ABCDGIRSTW][ABCDGIRSTW]*\)[	 ][	 ]*\([_A-Za-z][_A-Za-z0-9]*\)$/\1 \2 \2/p' \> conftest.nm
configure:5053: $? = 0
configure:5107: /usr/bin/clang-10 -o conftest -g -O2   conftest.c conftstm.o >&5
configure:5110: $? = 0
configure:5148: result: ok
configure:5244: /usr/bin/clang-10 -c -g -O2  conftest.c >&5
configure:5247: $? = 0
configure:5955: checking how to run the C preprocessor
configure:6025: result: /usr/bin/clang-cpp-10
configure:6045: /usr/bin/clang-cpp-10  conftest.c
configure:6045: $? = 0
configure:6059: /usr/bin/clang-cpp-10  conftest.c
conftest.c:9:10: fatal error: 'ac_nonexistent.h' file not found
#include <ac_nonexistent.h>
         ^~~~~~~~~~~~~~~~~~
1 error generated.
configure:6059: $? = 1
configure: failed program was:
| /* confdefs.h */
| #define PACKAGE_NAME ""
| #define PACKAGE_TARNAME ""
| #define PACKAGE_VERSION ""
| #define PACKAGE_STRING ""
| #define PACKAGE_BUGREPORT ""
| #define PACKAGE_URL ""
| /* end confdefs.h.  */
| #include <ac_nonexistent.h>
configure:6088: checking for ANSI C header files
configure:6108: /usr/bin/clang-10 -c -g -O2  conftest.c >&5
configure:6108: $? = 0
configure:6181: /usr/bin/clang-10 -o conftest -g -O2   conftest.c  >&5
configure:6181: $? = 0
configure:6181: ./conftest
configure:6181: $? = 0
configure:6192: result: yes
configure:6205: checking for sys/types.h
configure:6205: /usr/bin/clang-10 -c -g -O2  conftest.c >&5
configure:6205: $? = 0
configure:6205: result: yes
configure:6205: checking for sys/stat.h
configure:6205: /usr/bin/clang-10 -c -g -O2  conftest.c >&5
configure:6205: $? = 0
configure:6205: result: yes
configure:6205: checking for stdlib.h
configure:6205: /usr/bin/clang-10 -c -g -O2  conftest.c >&5
configure:6205: $? = 0
configure:6205: result: yes
configure:6205: checking for string.h
configure:6205: /usr/bin/clang-10 -c -g -O2  conftest.c >&5
configure:6205: $? = 0
configure:6205: result: yes
configure:6205: checking for memory.h
configure:6205: /usr/bin/clang-10 -c -g -O2  conftest.c >&5
configure:6205: $? = 0
configure:6205: result: yes
configure:6205: checking for strings.h
configure:6205: /usr/bin/clang-10 -c -g -O2  conftest.c >&5
configure:6205: $? = 0
configure:6205: result: yes
configure:6205: checking for inttypes.h
configure:6205: /usr/bin/clang-10 -c -g -O2  conftest.c >&5
configure:6205: $? = 0
configure:6205: result: yes
configure:6205: checking for stdint.h
configure:6205: /usr/bin/clang-10 -c -g -O2  conftest.c >&5
configure:6205: $? = 0
configure:6205: result: yes
configure:6205: checking for unistd.h
configure:6205: /usr/bin/clang-10 -c -g -O2  conftest.c >&5
configure:6205: $? = 0
configure:6205: result: yes
configure:6219: checking for dlfcn.h
configure:6219: /usr/bin/clang-10 -c -g -O2  conftest.c >&5
configure:6219: $? = 0
configure:6219: result: yes
configure:6701: checking for objdir
configure:6716: result: .libs
configure:7012: checking if /usr/bin/clang-10 supports -fno-rtti -fno-exceptions
configure:7070: /usr/bin/clang-10 -c -g -O2  -fno-rtti -fno-exceptions conftest.c >&5
configure:7074: $? = 0
configure:7047: result: yes
configure:7067: checking for /usr/bin/clang-10 option to produce PIC
configure:7349: result: -fPIC -DPIC
configure:7361: checking if /usr/bin/clang-10 PIC flag -fPIC -DPIC works
configure:7419: /usr/bin/clang-10 -c -g -O2  -fPIC -DPIC -DPIC conftest.c >&5
configure:7423: $? = 0
configure:7396: result: yes
configure:7420: checking if /usr/bin/clang-10 static flag -static works
configure:7448: result: yes
configure:7463: checking if /usr/bin/clang-10 supports -c -o file.o
configure:7524: /usr/bin/clang-10 -c -g -O2  -o out/conftest2.o conftest.c >&5
configure:7528: $? = 0
configure:7510: result: yes
configure:7518: checking if /usr/bin/clang-10 supports -c -o file.o
configure:7565: result: yes
configure:7598: checking whether the /usr/bin/clang-10 linker (/usr/bin/ld -m elf_x86_64) supports shared libraries
configure:8633: result: yes
configure:8670: checking whether -lc should be explicitly linked in
configure:8675: /usr/bin/clang-10 -c -g -O2  conftest.c >&5
configure:8678: $? = 0
configure:8693: /usr/bin/clang-10 -shared conftest.o  -v -Wl,-soname -Wl,conftest -o conftest 2\>\&1 \| /usr/bin/grep  -lc  \>/dev/null 2\>\&1
configure:8696: $? = 0
configure:8708: result: no
configure:8872: checking dynamic linker characteristics
configure:9307: /usr/bin/clang-10 -o conftest -g -O2   -Wl,-rpath -Wl,/foo conftest.c  >&5
configure:9307: $? = 0
configure:9550: result: GNU/Linux ld.so
configure:9652: checking how to hardcode library paths into programs
configure:9677: result: immediate
configure:10197: checking whether stripping libraries is possible
configure:10202: result: yes
configure:10237: checking if libtool supports shared libraries
configure:10239: result: yes
configure:10242: checking whether to build shared libraries
configure:10263: result: yes
configure:10266: checking whether to build static libraries
configure:10270: result: yes
configure:7544: checking for a BSD-compatible install
configure:7612: result: /usr/bin/install -c
configure:7623: checking whether build environment is sane
configure:7678: result: yes
configure:7824: checking for a thread-safe mkdir -p
configure:7863: result: /usr/bin/mkdir -p
configure:7870: checking for gawk
configure:7886: found /usr/bin/gawk
configure:7897: result: gawk
configure:7908: checking whether make sets $(MAKE)
configure:7930: result: yes
configure:7952: checking whether make supports the include directive
configure:7967: make -f confmf.GNU && cat confinc.out
this is the am__doit target
configure:7970: $? = 0
configure:7989: result: yes (GNU style)
configure:8022: checking whether make supports nested variables
configure:8039: result: yes
configure:8125: checking dependency style of /usr/bin/clang-10
configure:8236: result: gcc3
configure:8343: checking for gcc
configure:8370: result: /usr/bin/clang-10
configure:8599: checking for C compiler version
configure:8608: /usr/bin/clang-10 --version >&5
clang version 10.0.0-4ubuntu1 
Target: x86_64-pc-linux-gnu
Thread model: posix
InstalledDir: /usr/bin
configure:8619: $? = 0
configure:8608: /usr/bin/clang-10 -v >&5
clang version 10.0.0-4ubuntu1 
Target: x86_64-pc-linux-gnu
Thread model: posix
InstalledDir: /usr/bin
Found candidate GCC installation: /usr/bin/../lib/gcc/x86_64-linux-gnu/8
Found candidate GCC installation: /usr/bin/../lib/gcc/x86_64-linux-gnu/9
Found candidate GCC installation: /usr/lib/gcc/x86_64-linux-gnu/8
Found candidate GCC installation: /usr/lib/gcc/x86_64-linux-gnu/9
Selected GCC installation: /usr/bin/../lib/gcc/x86_64-linux-gnu/9
Candidate multilib: .;@m64
... rest of stderr output deleted ...
configure:8619: $? = 0
configure:8608: /usr/bin/clang-10 -V >&5
clang: error: argument to '-V' is missing (expected 1 value)
clang: error: no input files
configure:8619: $? = 1
configure:8608: /usr/bin/clang-10 -qversion >&5
clang: error: unknown argument '-qversion'; did you mean '--version'?
clang: error: no input files
configure:8619: $? = 1
configure:8623: checking whether we are using the GNU C compiler
configure:8651: result: yes
configure:8660: checking whether /usr/bin/clang-10 accepts -g
configure:8721: result: yes
configure:8738: checking for /usr/bin/clang-10 option to accept ISO C89
configure:8814: result: none needed
configure:8839: checking whether /usr/bin/clang-10 understands -c and -o together
configure:8876: result: yes
configure:9005: checking for C++ compiler version
configure:9014: /usr/bin/clang++-10 --version >&5
clang version 10.0.0-4ubuntu1 
Target: x86_64-pc-linux-gnu
Thread model: posix
InstalledDir: /usr/bin
configure:9025: $? = 0
configure:9014: /usr/bin/clang++-10 -v >&5
clang version 10.0.0-4ubuntu1 
Target: x86_64-pc-linux-gnu
Thread model: posix
InstalledDir: /usr/bin
Found candidate GCC installation: /usr/bin/../lib/gcc/x86_64-linux-gnu/8
Found candidate GCC installation: /usr/bin/../lib/gcc/x86_64-linux-gnu/9
Found candidate GCC installation: /usr/lib/gcc/x86_64-linux-gnu/8
Found candidate GCC installation: /usr/lib/gcc/x86_64-linux-gnu/9
Selected GCC installation: /usr/bin/../lib/gcc/x86_64-linux-gnu/9
Candidate multilib: .;@m64
... rest of stderr output deleted ...
configure:9025: $? = 0
configure:9014: /usr/bin/clang++-10 -V >&5
clang: error: argument to '-V' is missing (expected 1 value)
clang: error: no input files
configure:9025: $? = 1
configure:9014: /usr/bin/clang++-10 -qversion >&5
clang: error: unknown argument '-qversion'; did you mean '--version'?
clang: error: no input files
configure:9025: $? = 1
configure:9029: checking whether we are using the GNU C++ compiler
configure:9048: /usr/bin/clang++-10 -c   conftest.cpp >&5
configure:9048: $? = 0
configure:9057: result: yes
configure:9066: checking whether /usr/bin/clang++-10 accepts -g
configure:9086: /usr/bin/clang++-10 -c -g  conftest.cpp >&5
configure:9086: $? = 0
configure:9127: result: yes
configure:9263: checking for C++ compiler version
configure:9272: /usr/bin/clang++-10 --version >&5
clang version 10.0.0-4ubuntu1 
Target: x86_64-pc-linux-gnu
Thread model: posix
InstalledDir: /usr/bin
configure:9283: $? = 0
configure:9272: /usr/bin/clang++-10 -v >&5
clang version 10.0.0-4ubuntu1 
Target: x86_64-pc-linux-gnu
Thread model: posix
InstalledDir: /usr/bin
Found candidate GCC installation: /usr/bin/../lib/gcc/x86_64-linux-gnu/8
Found candidate GCC installation: /usr/bin/../lib/gcc/x86_64-linux-gnu/9
Found candidate GCC installation: /usr/lib/gcc/x86_64-linux-gnu/8
Found candidate GCC installation: /usr/lib/gcc/x86_64-linux-gnu/9
Selected GCC installation: /usr/bin/../lib/gcc/x86_64-linux-gnu/9
Candidate multilib: .;@m64
... rest of stderr output deleted ...
configure:9283: $? = 0
configure:9272: /usr/bin/clang++-10 -V >&5
clang: error: argument to '-V' is missing (expected 1 value)
clang: error: no input files
configure:9283: $? = 1
configure:9272: /usr/bin/clang++-10 -qversion >&5
clang: error: unknown argument '-qversion'; did you mean '--version'?
clang: error: no input files
configure:9283: $? = 1
configure:9287: checking whether we are using the GNU C++ compiler
configure:9315: result: yes
configure:9324: checking whether /usr/bin/clang++-10 accepts -g
configure:9385: result: yes
configure:9410: checking dependency style of /usr/bin/clang++-10
configure:9521: result: gcc3
configure:9544: checking how to run the C++ preprocessor
configure:9571: /usr/bin/clang++-10 -E  conftest.cpp
configure:9571: $? = 0
configure:9585: /usr/bin/clang++-10 -E  conftest.cpp
conftest.cpp:23:10: fatal error: 'ac_nonexistent.h' file not found
#include <ac_nonexistent.h>
         ^~~~~~~~~~~~~~~~~~
1 error generated.
configure:9585: $? = 1
configure: failed program was:
| /* confdefs.h */
| #define PACKAGE_NAME ""
| #define PACKAGE_TARNAME ""
| #define PACKAGE_VERSION ""
| #define PACKAGE_STRING ""
| #define PACKAGE_BUGREPORT ""
| #define PACKAGE_URL ""
| #define STDC_HEADERS 1
| #define HAVE_SYS_TYPES_H 1
| #define HAVE_SYS_STAT_H 1
| #define HAVE_STDLIB_H 1
| #define HAVE_STRING_H 1
| #define HAVE_MEMORY_H 1
| #define HAVE_STRINGS_H 1
| #define HAVE_INTTYPES_H 1
| #define HAVE_STDINT_H 1
| #define HAVE_UNISTD_H 1
| #define HAVE_DLFCN_H 1
| #define LT_OBJDIR ".libs/"
| #define PACKAGE "SDL2_net"
| #define VERSION "2.0.1"
| /* end confdefs.h.  */
| #include <ac_nonexistent.h>
configure:9610: result: /usr/bin/clang++-10 -E
configure:9630: /usr/bin/clang++-10 -E  conftest.cpp
configure:9630: $? = 0
configure:9644: /usr/bin/clang++-10 -E  conftest.cpp
conftest.cpp:23:10: fatal error: 'ac_nonexistent.h' file not found
#include <ac_nonexistent.h>
         ^~~~~~~~~~~~~~~~~~
1 error generated.
configure:9644: $? = 1
configure: failed program was:
| /* confdefs.h */
| #define PACKAGE_NAME ""
| #define PACKAGE_TARNAME ""
| #define PACKAGE_VERSION ""
| #define PACKAGE_STRING ""
| #define PACKAGE_BUGREPORT ""
| #define PACKAGE_URL ""
| #define STDC_HEADERS 1
| #define HAVE_SYS_TYPES_H 1
| #define HAVE_SYS_STAT_H 1
| #define HAVE_STDLIB_H 1
| #define HAVE_STRING_H 1
| #define HAVE_MEMORY_H 1
| #define HAVE_STRINGS_H 1
| #define HAVE_INTTYPES_H 1
| #define HAVE_STDINT_H 1
| #define HAVE_UNISTD_H 1
| #define HAVE_DLFCN_H 1
| #define LT_OBJDIR ".libs/"
| #define PACKAGE "SDL2_net"
| #define VERSION "2.0.1"
| /* end confdefs.h.  */
| #include <ac_nonexistent.h>
configure:9812: checking for ld used by /usr/bin/clang++-10
configure:9879: result: /usr/bin/ld -m elf_x86_64
configure:9886: checking if the linker (/usr/bin/ld -m elf_x86_64) is GNU ld
configure:9901: result: yes
configure:9956: checking whether the /usr/bin/clang++-10 linker (/usr/bin/ld -m elf_x86_64) supports shared libraries
configure:10897: result: yes
configure:10925: /usr/bin/clang++-10 -c -g -O2  conftest.cpp >&5
configure:10928: $? = 0
configure:11110: checking for /usr/bin/clang++-10 option to produce PIC
configure:11432: result: -fPIC -DPIC
configure:11441: checking if /usr/bin/clang++-10 PIC flag -fPIC -DPIC works
configure:14292: /usr/bin/clang++-10 -c -g -O2  -fPIC -DPIC -DPIC conftest.cpp >&5
configure:14296: $? = 0
configure:11476: result: yes
configure:11497: checking if /usr/bin/clang++-10 static flag -static works
configure:11525: result: yes
configure:11537: checking if /usr/bin/clang++-10 supports -c -o file.o
configure:14391: /usr/bin/clang++-10 -c -g -O2  -o out/conftest2.o conftest.cpp >&5
configure:14395: $? = 0
configure:11584: result: yes
configure:11589: checking if /usr/bin/clang++-10 supports -c -o file.o
configure:11636: result: yes
configure:11666: checking whether the /usr/bin/clang++-10 linker (/usr/bin/ld -m elf_x86_64) supports shared libraries
configure:11692: result: yes
configure:11829: checking dynamic linker characteristics
configure:12212: /usr/bin/clang++-10 -o conftest -g -O2   -Wl,-rpath -Wl,/foo conftest.cpp  >&5
configure:12212: $? = 0
configure:12455: result: GNU/Linux ld.so
configure:12506: checking how to hardcode library paths into programs
configure:12531: result: immediate
configure:11570: checking dependency style of /usr/bin/clang++-10
configure:11681: result: gcc3
configure:11697: checking whether make sets $(MAKE)
configure:11719: result: yes
configure:11737: checking for windres
configure:11767: result: no
configure:11737: checking for linux-gnu-windres
configure:11767: result: no
configure:11980: checking for pkg-config
configure:11998: found /usr/bin/pkg-config
configure:12010: result: /usr/bin/pkg-config
configure:12035: checking pkg-config is at least version 0.9.0
configure:12038: result: yes
configure:12075: checking for sdl2 >= 2.0.0
configure:12082: $PKG_CONFIG --exists --print-errors "sdl2 >= $min_sdl_version"
configure:12085: $? = 0
configure:12099: $PKG_CONFIG --exists --print-errors "sdl2 >= $min_sdl_version"
configure:12102: $? = 0
configure:12140: result: yes
configure:12383: checking for GUI_Create in -lGUI
configure:12408: /usr/bin/clang++-10 -o conftest -g -O2   conftest.cpp -lGUI   -L/usr/local/lib -Wl,-rpath,/usr/local/lib -Wl,--enable-new-dtags -lSDL2 >&5
/usr/bin/ld: cannot find -lGUI
clang: error: linker command failed with exit code 1 (use -v to see invocation)
configure:12408: $? = 1
configure: failed program was:
| /* confdefs.h */
| #define PACKAGE_NAME ""
| #define PACKAGE_TARNAME ""
| #define PACKAGE_VERSION ""
| #define PACKAGE_STRING ""
| #define PACKAGE_BUGREPORT ""
| #define PACKAGE_URL ""
| #define STDC_HEADERS 1
| #define HAVE_SYS_TYPES_H 1
| #define HAVE_SYS_STAT_H 1
| #define HAVE_STDLIB_H 1
| #define HAVE_STRING_H 1
| #define HAVE_MEMORY_H 1
| #define HAVE_STRINGS_H 1
| #define HAVE_INTTYPES_H 1
| #define HAVE_STDINT_H 1
| #define HAVE_UNISTD_H 1
| #define HAVE_DLFCN_H 1
| #define LT_OBJDIR ".libs/"
| #define PACKAGE "SDL2_net"
| #define VERSION "2.0.1"
| /* end confdefs.h.  */
| 
| /* Override any GCC internal prototype to avoid an error.
|    Use char because int might match the return type of a GCC
|    builtin and then its argument prototype would still apply.  */
| #ifdef __cplusplus
| extern "C"
| #endif
| char GUI_Create ();
| int
| main ()
| {
| return GUI_Create ();
|   ;
|   return 0;
| }
configure:12417: result: no
configure:12433: WARNING: *** Can't find the GUI library - not building test programs
The GUI library can be found at:
http://www.libsdl.org/projects/GUIlib/

configure:11836: checking for GCC -Wall option
configure:11853: /usr/bin/clang-10 -c -g -O2 -D_REENTRANT -I/usr/local/include/SDL2 -Wall  conftest.c >&5
configure:11853: $? = 0
configure:11857: result: yes
configure:11864: checking for necessary GCC -Wno-multichar option
configure:11872: result: no
configure:11882: checking for GCC -fvisibility=hidden option
configure:11911: /usr/bin/clang-10 -c -g -O2 -D_REENTRANT -I/usr/local/include/SDL2 -Wall -fvisibility=hidden -Werror  conftest.c >&5
configure:11911: $? = 0
configure:11915: result: yes
configure:12616: checking that generated files are newer than configure
configure:12622: result: done
configure:12661: creating ./config.status

## ---------------------- ##
## Running config.status. ##
## ---------------------- ##

This file was extended by config.status, which was
generated by GNU Autoconf 2.69.  Invocation command line was

  CONFIG_FILES    = 
  CONFIG_HEADERS  = 
  CONFIG_LINKS    = 
  CONFIG_COMMANDS = 
  $ ./config.status 

on borja-PROX14-AMD

config.status:1078: creating Makefile
config.status:1078: creating SDL2_net.spec
config.status:1078: creating SDL2_net.pc
config.status:1250: executing libtool commands
config.status:1250: executing depfiles commands
config.status:2135: cd .       && sed -e '/# am--include-marker/d' Makefile         | make -f - am--depfiles
config.status:2140: $? = 0

## ---------------- ##
## Cache variables. ##
## ---------------- ##

ac_cv_build=x86_64-pc-linux-gnu
ac_cv_c_compiler_gnu=yes
ac_cv_cxx_compiler_gnu=yes
ac_cv_env_CCC_set=
ac_cv_env_CCC_value=
ac_cv_env_CC_set=set
ac_cv_env_CC_value=/usr/bin/clang-10
ac_cv_env_CFLAGS_set=
ac_cv_env_CFLAGS_value=
ac_cv_env_CPPFLAGS_set=
ac_cv_env_CPPFLAGS_value=
ac_cv_env_CPP_set=set
ac_cv_env_CPP_value=/usr/bin/clang-cpp-10
ac_cv_env_CXXCPP_set=
ac_cv_env_CXXCPP_value=
ac_cv_env_CXXFLAGS_set=
ac_cv_env_CXXFLAGS_value=
ac_cv_env_CXX_set=set
ac_cv_env_CXX_value=/usr/bin/clang++-10
ac_cv_env_LDFLAGS_set=
ac_cv_env_LDFLAGS_value=
ac_cv_env_LIBS_set=
ac_cv_env_LIBS_value=
ac_cv_env_PKG_CONFIG_LIBDIR_set=
ac_cv_env_PKG_CONFIG_LIBDIR_value=
ac_cv_env_PKG_CONFIG_PATH_set=
ac_cv_env_PKG_CONFIG_PATH_value=
ac_cv_env_PKG_CONFIG_set=
ac_cv_env_PKG_CONFIG_value=
ac_cv_env_SDL_CFLAGS_set=
ac_cv_env_SDL_CFLAGS_value=
ac_cv_env_SDL_LIBS_set=
ac_cv_env_SDL_LIBS_value=
ac_cv_env_build_alias_set=
ac_cv_env_build_alias_value=
ac_cv_env_host_alias_set=
ac_cv_env_host_alias_value=
ac_cv_env_target_alias_set=
ac_cv_env_target_alias_value=
ac_cv_header_dlfcn_h=yes
ac_cv_header_inttypes_h=yes
ac_cv_header_memory_h=yes
ac_cv_header_stdc=yes
ac_cv_header_stdint_h=yes
ac_cv_header_stdlib_h=yes
ac_cv_header_string_h=yes
ac_cv_header_strings_h=yes
ac_cv_header_sys_stat_h=yes
ac_cv_header_sys_types_h=yes
ac_cv_header_unistd_h=yes
ac_cv_host=x86_64-pc-linux-gnu
ac_cv_lib_GUI_GUI_Create=no
ac_cv_objext=o
ac_cv_path_EGREP='/usr/bin/grep -E'
ac_cv_path_FGREP='/usr/bin/grep -F'
ac_cv_path_GREP=/usr/bin/grep
ac_cv_path_SED=/usr/bin/sed
ac_cv_path_ac_pt_PKG_CONFIG=/usr/bin/pkg-config
ac_cv_path_install='/usr/bin/install -c'
ac_cv_path_mkdir=/usr/bin/mkdir
ac_cv_prog_AWK=gawk
ac_cv_prog_CPP=/usr/bin/clang-cpp-10
ac_cv_prog_CXXCPP='/usr/bin/clang++-10 -E'
ac_cv_prog_ac_ct_AR=ar
ac_cv_prog_ac_ct_CC=/usr/bin/clang-10
ac_cv_prog_ac_ct_OBJDUMP=objdump
ac_cv_prog_ac_ct_RANLIB=ranlib
ac_cv_prog_ac_ct_STRIP=strip
ac_cv_prog_cc_c89=
ac_cv_prog_cc_g=yes
ac_cv_prog_cxx_g=yes
ac_cv_prog_make_make_set=yes
am_cv_CC_dependencies_compiler_type=gcc3
am_cv_CXX_dependencies_compiler_type=gcc3
am_cv_make_support_nested_variables=yes
am_cv_prog_cc_c_o=yes
lt_cv_deplibs_check_method=pass_all
lt_cv_file_magic_cmd='$MAGIC_CMD'
lt_cv_file_magic_test_file=
lt_cv_ld_reload_flag=-r
lt_cv_nm_interface='BSD nm'
lt_cv_objdir=.libs
lt_cv_path_LD=/usr/bin/ld
lt_cv_path_LDCXX='/usr/bin/ld -m elf_x86_64'
lt_cv_path_NM='/usr/bin/nm -B'
lt_cv_prog_compiler_c_o=yes
lt_cv_prog_compiler_c_o_CXX=yes
lt_cv_prog_compiler_pic_works=yes
lt_cv_prog_compiler_pic_works_CXX=yes
lt_cv_prog_compiler_rtti_exceptions=yes
lt_cv_prog_compiler_static_works=yes
lt_cv_prog_compiler_static_works_CXX=yes
lt_cv_prog_gnu_ld=yes
lt_cv_prog_gnu_ldcxx=yes
lt_cv_sys_global_symbol_pipe='sed -n -e '\''s/^.*[	 ]\([ABCDGIRSTW][ABCDGIRSTW]*\)[	 ][	 ]*\([_A-Za-z][_A-Za-z0-9]*\)$/\1 \2 \2/p'\'''
lt_cv_sys_global_symbol_to_c_name_address='sed -n -e '\''s/^: \([^ ]*\) $/  {\"\1\", (void *) 0},/p'\'' -e '\''s/^[ABCDGIRSTW]* \([^ ]*\) \([^ ]*\)$/  {"\2", (void *) \&\2},/p'\'''
lt_cv_sys_global_symbol_to_c_name_address_lib_prefix='sed -n -e '\''s/^: \([^ ]*\) $/  {\"\1\", (void *) 0},/p'\'' -e '\''s/^[ABCDGIRSTW]* \([^ ]*\) \(lib[^ ]*\)$/  {"\2", (void *) \&\2},/p'\'' -e '\''s/^[ABCDGIRSTW]* \([^ ]*\) \([^ ]*\)$/  {"lib\2", (void *) \&\2},/p'\'''
lt_cv_sys_global_symbol_to_cdecl='sed -n -e '\''s/^T .* \(.*\)$/extern int \1();/p'\'' -e '\''s/^[ABCDGIRSTW]* .* \(.*\)$/extern char \1;/p'\'''
lt_cv_sys_max_cmd_len=1572864
pkg_cv_SDL_CFLAGS='-D_REENTRANT -I/usr/local/include/SDL2'
pkg_cv_SDL_LIBS='-L/usr/local/lib -Wl,-rpath,/usr/local/lib -Wl,--enable-new-dtags -lSDL2'

## ----------------- ##
## Output variables. ##
## ----------------- ##

ACLOCAL='${SHELL} /home/borja/Documents/C++/Engine2.0/libs/SDL_net/missing aclocal-1.16'
AMDEPBACKSLASH='\'
AMDEP_FALSE='#'
AMDEP_TRUE=''
AMTAR='$${TAR-tar}'
AM_BACKSLASH='\'
AM_DEFAULT_V='$(AM_DEFAULT_VERBOSITY)'
AM_DEFAULT_VERBOSITY='1'
AM_V='$(V)'
AR='ar'
AS='as'
AUTOCONF='${SHELL} /home/borja/Documents/C++/Engine2.0/libs/SDL_net/missing autoconf'
AUTOHEADER='${SHELL} /home/borja/Documents/C++/Engine2.0/libs/SDL_net/missing autoheader'
AUTOMAKE='${SHELL} /home/borja/Documents/C++/Engine2.0/libs/SDL_net/missing automake-1.16'
AWK='gawk'
BINARY_AGE='1'
CC='/usr/bin/clang-10'
CCDEPMODE='depmode=gcc3'
CFLAGS='-g -O2 -D_REENTRANT -I/usr/local/include/SDL2 -Wall -fvisibility=hidden'
CPP='/usr/bin/clang-cpp-10'
CPPFLAGS=''
CXX='/usr/bin/clang++-10'
CXXCPP='/usr/bin/clang++-10 -E'
CXXDEPMODE='depmode=gcc3'
CXXFLAGS='-g -O2 -g -O2 -D_REENTRANT -I/usr/local/include/SDL2 -Wall -fvisibility=hidden'
CYGPATH_W='echo'
DEFS='-DPACKAGE_NAME=\"\" -DPACKAGE_TARNAME=\"\" -DPACKAGE_VERSION=\"\" -DPACKAGE_STRING=\"\" -DPACKAGE_BUGREPORT=\"\" -DPACKAGE_URL=\"\" -DSTDC_HEADERS=1 -DHAVE_SYS_TYPES_H=1 -DHAVE_SYS_STAT_H=1 -DHAVE_STDLIB_H=1 -DHAVE_STRING_H=1 -DHAVE_MEMORY_H=1 -DHAVE_STRINGS_H=1 -DHAVE_INTTYPES_H=1 -DHAVE_STDINT_H=1 -DHAVE_UNISTD_H=1 -DHAVE_DLFCN_H=1 -DLT_OBJDIR=\".libs/\" -DPACKAGE=\"SDL2_net\" -DVERSION=\"2.0.1\"'
DEPDIR='.deps'
DLLTOOL='dlltool'
DSYMUTIL=''
DUMPBIN=''
ECHO_C=''
ECHO_N='-n'
ECHO_T=''
EGREP='/usr/bin/grep -E'
ENABLE_SHARED_FALSE='#'
ENABLE_SHARED_TRUE=''
ENABLE_STATIC_FALSE='#'
ENABLE_STATIC_TRUE=''
EXEEXT=''
FGREP='/usr/bin/grep -F'
GREP='/usr/bin/grep'
HAVE_GUI_LIB_FALSE=''
HAVE_GUI_LIB_TRUE='#'
INETLIB=''
INSTALL_DATA='${INSTALL} -m 644'
INSTALL_PROGRAM='${INSTALL}'
INSTALL_SCRIPT='${INSTALL}'
INSTALL_STRIP_PROGRAM='$(install_sh) -c -s'
INTERFACE_AGE='1'
LD='/usr/bin/ld -m elf_x86_64'
LDFLAGS=''
LIBOBJS=''
LIBS=' -L/usr/local/lib -Wl,-rpath,/usr/local/lib -Wl,--enable-new-dtags -lSDL2'
LIBTOOL='$(SHELL) $(top_builddir)/libtool'
LIPO=''
LN_S='ln -s'
LTLIBOBJS=''
LT_AGE='0'
LT_CURRENT='0'
LT_EXTRA=''
LT_RELEASE='2.0'
LT_REVISION='1'
MAJOR_VERSION='2'
MAKEINFO='${SHELL} /home/borja/Documents/C++/Engine2.0/libs/SDL_net/missing makeinfo'
MICRO_VERSION='1'
MINOR_VERSION='0'
MKDIR_P='/usr/bin/mkdir -p'
NM='/usr/bin/nm -B'
NMEDIT=''
OBJDUMP='objdump'
OBJEXT='o'
OTOOL64=''
OTOOL=''
PACKAGE='SDL2_net'
PACKAGE_BUGREPORT=''
PACKAGE_NAME=''
PACKAGE_STRING=''
PACKAGE_TARNAME=''
PACKAGE_URL=''
PACKAGE_VERSION=''
PATH_SEPARATOR=':'
PKG_CONFIG='/usr/bin/pkg-config'
PKG_CONFIG_LIBDIR=''
PKG_CONFIG_PATH=''
RANLIB='ranlib'
SDL2_CONFIG='pkg-config sdl2'
SDL_CFLAGS='-D_REENTRANT -I/usr/local/include/SDL2'
SDL_LIBS='-L/usr/local/lib -Wl,-rpath,/usr/local/lib -Wl,--enable-new-dtags -lSDL2'
SDL_VERSION='2.0.0'
SED='/usr/bin/sed'
SET_MAKE=''
SHELL='/bin/bash'
STRIP='strip'
USE_VERSION_RC_FALSE=''
USE_VERSION_RC_TRUE='#'
VERSION='2.0.1'
WINDRES=''
ac_ct_CC='/usr/bin/clang-10'
ac_ct_CXX=''
ac_ct_DUMPBIN=''
am__EXEEXT_FALSE=''
am__EXEEXT_TRUE='#'
am__fastdepCC_FALSE='#'
am__fastdepCC_TRUE=''
am__fastdepCXX_FALSE='#'
am__fastdepCXX_TRUE=''
am__include='include'
am__isrc=''
am__leading_dot='.'
am__nodep='_no'
am__quote=''
am__tar='$${TAR-tar} chof - "$$tardir"'
am__untar='$${TAR-tar} xf -'
bindir='${exec_prefix}/bin'
build='x86_64-pc-linux-gnu'
build_alias=''
build_cpu='x86_64'
build_os='linux-gnu'
build_vendor='pc'
datadir='${datarootdir}'
datarootdir='${prefix}/share'
docdir='${datarootdir}/doc/${PACKAGE}'
dvidir='${docdir}'
exec_prefix='${prefix}'
host='x86_64-pc-linux-gnu'
host_alias=''
host_cpu='x86_64'
host_os='linux-gnu'
host_vendor='pc'
htmldir='${docdir}'
includedir='${prefix}/include'
infodir='${datarootdir}/info'
install_sh='${SHELL} /home/borja/Documents/C++/Engine2.0/libs/SDL_net/install-sh'
libdir='${exec_prefix}/lib'
libexecdir='${exec_prefix}/libexec'
localedir='${datarootdir}/locale'
localstatedir='${prefix}/var'
lt_ECHO='echo'
mandir='${datarootdir}/man'
mkdir_p='$(MKDIR_P)'
oldincludedir='/usr/include'
pdfdir='${docdir}'
prefix='/usr/local'
program_transform_name='s,x,x,'
psdir='${docdir}'
runstatedir='${localstatedir}/run'
sbindir='${exec_prefix}/sbin'
sharedstatedir='${prefix}/com'
sysconfdir='${prefix}/etc'
target_alias=''

## ----------- ##
## confdefs.h. ##
## ----------- ##

/* confdefs.h */
#define PACKAGE_NAME ""
#define PACKAGE_TARNAME ""
#define PACKAGE_VERSION ""
#define PACKAGE_STRING ""
#define PACKAGE_BUGREPORT ""
#define PACKAGE_URL ""
#define STDC_HEADERS 1
#define HAVE_SYS_TYPES_H 1
#define HAVE_SYS_STAT_H 1
#define HAVE_STDLIB_H 1
#define HAVE_STRING_H 1
#define HAVE_MEMORY_H 1
#define HAVE_STRINGS_H 1
#define HAVE_INTTYPES_H 1
#define HAVE_STDINT_H 1
#define HAVE_UNISTD_H 1
#define HAVE_DLFCN_H 1
#define LT_OBJDIR ".libs/"
#define PACKAGE "SDL2_net"
#define VERSION "2.0.1"

configure: exit 0
